c:\users\syedu\downloads\registration\registration\x64\debug\vc143.pdb
c:\users\syedu\downloads\registration\registration\x64\debug\.netframework,version=v4.7.2.assemblyattributes.obj
c:\users\syedu\downloads\registration\registration\x64\debug\registerform.obj
c:\users\syedu\downloads\registration\registration\x64\debug\program.obj
c:\users\syedu\downloads\registration\registration\x64\debug\mainform.obj
c:\users\syedu\downloads\registration\registration\x64\debug\loginform.obj
c:\users\syedu\downloads\registration\x64\debug\registration.exe
c:\users\syedu\downloads\registration\x64\debug\registration.pdb
c:\users\syedu\downloads\registration\registration\x64\debug\registration.tlog\cl.command.1.tlog
c:\users\syedu\downloads\registration\registration\x64\debug\registration.tlog\cl.items.tlog
c:\users\syedu\downloads\registration\registration\x64\debug\registration.tlog\cl.read.1.tlog
c:\users\syedu\downloads\registration\registration\x64\debug\registration.tlog\cl.write.1.tlog
c:\users\syedu\downloads\registration\registration\x64\debug\registration.tlog\link.command.1.tlog
c:\users\syedu\downloads\registration\registration\x64\debug\registration.tlog\link.read.1.tlog
c:\users\syedu\downloads\registration\registration\x64\debug\registration.tlog\link.write.1.tlog
c:\users\syedu\downloads\registration\registration\x64\debug\registration.tlog\metagen.read.1.tlog
c:\users\syedu\downloads\registration\registration\x64\debug\registration.tlog\metagen.write.1.tlog
c:\users\syedu\downloads\registration\registration\x64\debug\registration.tlog\resgen.command.1.tlog
c:\users\syedu\downloads\registration\registration\x64\debug\registration.tlog\resgen.read.1.tlog
c:\users\syedu\downloads\registration\registration\x64\debug\registration.tlog\resgen.write.1.tlog
